TN:
SF:src/App.vue
FN:1,(empty-report)
FNF:1
FNH:1
FNDA:1,(empty-report)
DA:6,0
LF:1
LH:0
BRDA:1,0,0,1
BRF:1
BRH:1
end_of_record
TN:
SF:src/main.js
FN:1,(empty-report)
FNF:1
FNH:0
FNDA:0,(empty-report)
DA:1,0
DA:2,0
DA:3,0
DA:4,0
DA:5,0
DA:7,0
DA:8,0
DA:10,0
DA:11,0
DA:13,0
LF:10
LH:0
BRDA:1,0,0,0
BRF:1
BRH:0
end_of_record
TN:
SF:src/router.js
FN:1,(empty-report)
FNF:1
FNH:0
FNDA:0,(empty-report)
DA:1,0
DA:2,0
DA:3,0
DA:4,0
DA:5,0
DA:6,0
DA:7,0
DA:10,0
DA:11,0
DA:12,0
DA:13,0
DA:14,0
DA:15,0
DA:16,0
DA:17,0
DA:18,0
DA:19,0
DA:20,0
DA:21,0
DA:22,0
DA:23,0
DA:24,0
DA:25,0
DA:26,0
DA:27,0
DA:28,0
DA:29,0
DA:30,0
DA:31,0
DA:32,0
DA:33,0
DA:34,0
DA:35,0
DA:36,0
DA:37,0
DA:38,0
DA:39,0
DA:40,0
DA:41,0
DA:42,0
DA:43,0
DA:44,0
DA:45,0
DA:46,0
DA:47,0
DA:48,0
DA:49,0
DA:50,0
DA:52,0
DA:53,0
DA:54,0
DA:55,0
DA:57,0
LF:53
LH:0
BRDA:1,0,0,0
BRF:1
BRH:0
end_of_record
TN:
SF:src/components/EditSession.vue
FN:25,immediate
FN:36,handleSubmit
FN:44,deleteSession
FN:50,handleCancel
FN:72,onUpdate:modelValue._cache.<computed>._cache.<computed>
FN:78,onUpdate:modelValue._cache.<computed>._cache.<computed>
FN:85,onUpdate:modelValue._cache.<computed>._cache.<computed>
FNF:7
FNH:5
FNDA:4,immediate
FNDA:1,handleSubmit
FNDA:1,deleteSession
FNDA:1,handleCancel
FNDA:1,onUpdate:modelValue._cache.<computed>._cache.<computed>
FNDA:0,onUpdate:modelValue._cache.<computed>._cache.<computed>
FNDA:0,onUpdate:modelValue._cache.<computed>._cache.<computed>
DA:2,1
DA:3,1
DA:4,1
DA:6,1
DA:9,1
DA:11,1
DA:12,1
DA:13,0
DA:14,0
DA:16,1
DA:17,1
DA:18,4
DA:19,1
DA:21,1
DA:22,1
DA:23,1
DA:24,1
DA:25,1
DA:26,4
DA:27,4
DA:28,4
DA:29,4
DA:30,4
DA:31,4
DA:32,1
DA:33,1
DA:34,1
DA:36,1
DA:37,1
DA:39,1
DA:41,1
DA:42,1
DA:44,1
DA:45,1
DA:47,1
DA:48,1
DA:50,1
DA:51,1
DA:52,1
DA:56,1
DA:57,1
DA:58,1
DA:59,1
DA:60,1
DA:62,1
DA:63,1
DA:64,1
DA:65,1
DA:66,1
DA:67,1
DA:68,1
DA:69,1
DA:70,1
DA:71,1
DA:72,1
DA:73,1
DA:74,1
DA:75,1
DA:76,1
DA:77,1
DA:78,1
DA:79,1
DA:80,1
DA:81,1
DA:82,1
DA:83,1
DA:84,4
DA:85,1
DA:86,1
DA:87,1
DA:88,1
DA:89,1
DA:90,1
DA:91,1
DA:92,1
DA:93,1
DA:94,1
DA:95,1
DA:96,1
DA:97,1
DA:98,1
DA:99,1
DA:100,1
DA:101,1
DA:102,1
DA:103,1
LF:86
LH:84
BRDA:12,0,0,0
BRDA:17,1,0,4
BRDA:18,2,0,4
BRDA:25,3,0,4
BRDA:36,4,0,1
BRDA:37,5,0,0
BRDA:44,6,0,1
BRDA:50,7,0,1
BRDA:58,8,0,4
BRDA:71,9,0,4
BRDA:72,10,0,4
BRDA:77,11,0,4
BRDA:78,12,0,4
BRDA:83,13,0,4
BRDA:85,14,0,4
BRDA:92,15,0,4
BRDA:58,16,0,1
BRDA:72,17,0,1
BRF:18
BRH:16
end_of_record
TN:
SF:src/components/EditWorkout.vue
FN:25,handleSubmit
FN:39,handleCancel
FN:43,deleteWorkout
FN:61,onUpdate:modelValue._cache.<computed>._cache.<computed>
FN:67,onUpdate:modelValue._cache.<computed>._cache.<computed>
FNF:5
FNH:4
FNDA:1,handleSubmit
FNDA:1,handleCancel
FNDA:1,deleteWorkout
FNDA:1,onUpdate:modelValue._cache.<computed>._cache.<computed>
FNDA:0,onUpdate:modelValue._cache.<computed>._cache.<computed>
DA:2,1
DA:3,1
DA:5,1
DA:8,1
DA:10,1
DA:11,1
DA:12,0
DA:13,0
DA:15,1
DA:16,1
DA:17,4
DA:18,4
DA:19,4
DA:20,4
DA:22,4
DA:23,1
DA:25,1
DA:26,1
DA:28,1
DA:29,1
DA:30,1
DA:31,1
DA:32,1
DA:33,1
DA:34,1
DA:36,1
DA:37,1
DA:39,1
DA:40,1
DA:41,1
DA:43,1
DA:44,1
DA:46,1
DA:47,1
DA:51,1
DA:52,1
DA:53,1
DA:54,1
DA:55,1
DA:56,1
DA:57,1
DA:58,1
DA:59,1
DA:60,1
DA:61,1
DA:62,1
DA:63,1
DA:64,1
DA:65,1
DA:66,1
DA:67,1
DA:68,1
DA:69,1
DA:70,1
DA:71,1
DA:72,1
DA:73,1
DA:74,1
DA:75,1
DA:76,1
DA:77,1
DA:78,1
LF:62
LH:60
BRDA:11,0,0,0
BRDA:16,1,0,4
BRDA:17,2,0,4
BRDA:25,3,0,1
BRDA:26,4,0,0
BRDA:29,5,0,1
BRDA:39,6,0,1
BRDA:43,7,0,1
BRDA:53,8,0,4
BRDA:60,9,0,4
BRDA:61,10,0,4
BRDA:66,11,0,4
BRDA:67,12,0,4
BRDA:53,13,0,1
BRDA:61,14,0,1
BRF:15
BRH:13
end_of_record
TN:
SF:src/components/Fitness.vue
FNF:0
FNH:0
DA:2,1
DA:3,1
DA:4,1
DA:5,1
DA:7,1
DA:8,1
DA:9,1
DA:10,1
DA:12,1
DA:13,2
DA:14,2
DA:15,1
DA:17,1
DA:18,2
DA:19,2
DA:21,2
DA:22,1
DA:26,1
DA:27,1
DA:28,1
DA:29,1
DA:31,1
DA:32,1
DA:33,1
DA:34,1
DA:35,1
DA:36,1
DA:37,1
DA:38,1
DA:39,1
DA:40,1
DA:41,1
DA:42,1
DA:43,1
DA:44,1
DA:45,1
DA:46,1
DA:47,1
DA:48,1
DA:49,1
LF:40
LH:40
BRDA:12,0,0,2
BRDA:17,1,0,2
BRDA:19,2,0,0
BRF:3
BRH:2
end_of_record
TN:
SF:src/components/NewWorkout.vue
FN:11,handleSubmit
FN:18,handleCancel
FN:34,onUpdate:modelValue._cache.<computed>._cache.<computed>
FN:40,onUpdate:modelValue._cache.<computed>._cache.<computed>
FNF:4
FNH:3
FNDA:1,handleSubmit
FNDA:1,handleCancel
FNDA:1,onUpdate:modelValue._cache.<computed>._cache.<computed>
FNDA:0,onUpdate:modelValue._cache.<computed>._cache.<computed>
DA:2,1
DA:3,1
DA:5,1
DA:7,1
DA:9,1
DA:11,1
DA:12,1
DA:14,1
DA:15,1
DA:16,1
DA:18,1
DA:19,1
DA:20,1
DA:24,1
DA:25,1
DA:26,1
DA:27,1
DA:28,1
DA:29,1
DA:30,1
DA:31,1
DA:32,1
DA:33,1
DA:34,1
DA:35,1
DA:36,1
DA:37,1
DA:38,1
DA:39,1
DA:40,1
DA:41,1
DA:42,1
DA:43,1
DA:44,1
DA:45,1
DA:46,1
DA:47,1
DA:48,1
LF:38
LH:38
BRDA:11,0,0,1
BRDA:12,1,0,0
BRDA:18,2,0,1
BRDA:26,3,0,2
BRDA:27,4,0,2
BRDA:33,5,0,2
BRDA:34,6,0,2
BRDA:39,7,0,2
BRDA:40,8,0,2
BRDA:26,9,0,1
BRDA:34,10,0,1
BRF:11
BRH:10
end_of_record
TN:
SF:src/components/SessionList.vue
FN:52,addSession
FN:63,handleSubmit
FN:68,deleteSession
FN:72,editSession
FN:83,onClick
FN:102,onClick
FNF:6
FNH:4
FNDA:1,addSession
FNDA:0,handleSubmit
FNDA:0,deleteSession
FNDA:1,editSession
FNDA:1,onClick
FNDA:1,onClick
DA:2,1
DA:3,1
DA:4,1
DA:5,1
DA:7,1
DA:9,1
DA:11,1
DA:13,1
DA:14,1
DA:15,4
DA:16,0
DA:17,0
DA:18,0
DA:19,0
DA:20,0
DA:21,4
DA:22,4
DA:23,1
DA:25,1
DA:26,1
DA:27,4
DA:28,4
DA:29,3
DA:30,0
DA:31,4
DA:32,4
DA:33,1
DA:35,1
DA:36,1
DA:37,4
DA:38,4
DA:39,4
DA:40,4
DA:41,4
DA:42,4
DA:43,4
DA:44,4
DA:45,4
DA:46,4
DA:47,4
DA:48,4
DA:49,4
DA:50,1
DA:52,1
DA:53,1
DA:54,1
DA:55,1
DA:56,1
DA:57,1
DA:58,1
DA:59,1
DA:60,1
DA:61,1
DA:63,0
DA:64,0
DA:65,0
DA:66,0
DA:68,0
DA:69,0
DA:70,0
DA:72,1
DA:73,1
DA:74,1
DA:78,1
DA:79,1
DA:80,1
DA:81,1
DA:82,1
DA:83,1
DA:84,1
DA:86,1
DA:87,1
DA:88,1
DA:89,1
DA:90,1
DA:91,1
DA:92,1
DA:93,1
DA:94,1
DA:95,1
DA:97,1
DA:98,1
DA:99,1
DA:100,1
DA:101,1
DA:102,1
DA:104,1
DA:105,1
DA:106,1
DA:107,1
DA:108,1
DA:111,1
DA:113,1
LF:93
LH:80
BRDA:14,0,0,4
BRDA:26,1,0,4
BRDA:27,2,0,4
BRDA:28,3,0,1
BRDA:28,4,0,3
BRDA:29,5,0,0
BRDA:36,6,0,4
BRDA:39,7,0,4
BRDA:40,8,0,0
BRDA:44,9,0,0
BRDA:52,10,0,1
BRDA:72,11,0,1
BRDA:111,12,0,0
BRDA:83,13,0,1
BRDA:102,14,0,1
BRF:15
BRH:11
end_of_record
TN:
SF:src/components/WorkoutList.vue
FN:25,editWorkout
FN:43,onClick
FN:54,onClick._cache.<computed>._cache.<computed>
FNF:3
FNH:3
FNDA:1,editWorkout
FNDA:1,onClick
FNDA:1,onClick._cache.<computed>._cache.<computed>
DA:2,1
DA:3,1
DA:4,1
DA:6,1
DA:8,1
DA:10,1
DA:12,1
DA:13,3
DA:14,1
DA:16,1
DA:17,3
DA:18,3
DA:19,3
DA:20,0
DA:21,3
DA:22,3
DA:23,1
DA:25,1
DA:26,1
DA:27,1
DA:31,1
DA:32,1
DA:33,1
DA:34,1
DA:35,1
DA:36,1
DA:37,1
DA:38,1
DA:39,1
DA:40,1
DA:41,1
DA:42,1
DA:43,1
DA:45,1
DA:46,1
DA:47,1
DA:48,1
DA:49,1
DA:52,1
DA:54,1
DA:55,1
DA:56,1
LF:42
LH:41
BRDA:12,0,0,3
BRDA:16,1,0,3
BRDA:17,2,0,3
BRDA:18,3,0,0
BRDA:19,4,0,0
BRDA:25,5,0,1
BRDA:52,6,0,0
BRDA:46,7,0,3
BRDA:43,8,0,1
BRDA:54,9,0,1
BRF:10
BRH:7
end_of_record
TN:
SF:src/stores/session.js
FN:8,loadSessionsFromAPI
FN:16,saveSessionToAPI
FN:24,updateSessionInAPI
FN:34,deleteSessionFromAPI
FNF:4
FNH:4
FNDA:1,loadSessionsFromAPI
FNDA:1,saveSessionToAPI
FNDA:1,updateSessionInAPI
FNDA:1,deleteSessionFromAPI
DA:1,1
DA:2,1
DA:3,1
DA:5,1
DA:6,4
DA:8,4
DA:9,1
DA:10,1
DA:11,1
DA:12,0
DA:13,0
DA:14,1
DA:16,4
DA:17,1
DA:18,1
DA:19,1
DA:21,1
DA:22,1
DA:24,4
DA:25,1
DA:26,1
DA:27,1
DA:28,1
DA:29,1
DA:30,1
DA:31,1
DA:32,1
DA:34,4
DA:35,1
DA:36,1
DA:38,1
DA:39,1
DA:40,1
DA:42,4
DA:43,4
DA:44,4
DA:45,4
DA:46,4
DA:47,4
DA:48,4
DA:49,4
LF:41
LH:39
BRDA:5,0,0,4
BRDA:8,1,0,1
BRDA:11,2,0,0
BRDA:16,3,0,1
BRDA:24,4,0,1
BRDA:26,5,0,1
BRDA:34,6,0,1
BRDA:36,7,0,0
BRDA:35,8,0,1
BRF:9
BRH:7
end_of_record
TN:
SF:src/stores/workout.js
FN:8,loadWorkoutsFromAPI
FN:16,saveWorkoutToAPI
FN:24,updateWorkoutInAPI
FN:28,deleteWorkoutFromAPI
FNF:4
FNH:3
FNDA:1,loadWorkoutsFromAPI
FNDA:1,saveWorkoutToAPI
FNDA:0,updateWorkoutInAPI
FNDA:1,deleteWorkoutFromAPI
DA:1,1
DA:2,1
DA:3,1
DA:5,1
DA:6,3
DA:8,3
DA:9,1
DA:10,1
DA:11,1
DA:12,0
DA:13,0
DA:14,1
DA:16,3
DA:17,1
DA:18,1
DA:19,1
DA:21,1
DA:22,1
DA:24,3
DA:25,0
DA:26,0
DA:28,3
DA:29,1
DA:30,1
DA:32,1
DA:33,1
DA:34,1
DA:36,3
DA:37,3
DA:38,3
DA:39,3
DA:40,3
DA:41,3
DA:42,3
DA:43,3
LF:35
LH:31
BRDA:5,0,0,3
BRDA:8,1,0,1
BRDA:11,2,0,0
BRDA:16,3,0,1
BRDA:28,4,0,1
BRDA:30,5,0,0
BRDA:29,6,0,1
BRF:7
BRH:5
end_of_record
TN:
SF:src/utils/dateFormatter.js
FN:4,formatDate
FN:8,formatDateForComparison
FNF:2
FNH:2
FNDA:4,formatDate
FNDA:9,formatDateForComparison
DA:1,1
DA:2,1
DA:4,1
DA:5,4
DA:6,4
DA:8,1
DA:9,9
DA:10,9
LF:8
LH:8
BRDA:4,0,0,4
BRDA:8,1,0,9
BRF:2
BRH:2
end_of_record
